<?xml version="1.0" encoding="UTF-8"?>
<!-- Generated by org.testng.reporters.JUnitReportReporter -->
<testsuite hostname="DESKTOP-3R6COPU" failures="0" tests="1" name="automatedProject.tests.ErrorValidations" time="11.322" errors="0" timestamp="2025-02-01T11:45:41 CST" skipped="0">
  <testcase classname="automatedProject.tests.ErrorValidations" name="ProductErrorValidation" time="11.322"/>
</testsuite> <!-- automatedProject.tests.ErrorValidations -->
