<?xml version="1.0" encoding="UTF-8"?>
<!-- Generated by org.testng.reporters.JUnitReportReporter -->
<testsuite hostname="DESKTOP-3R6COPU" failures="0" tests="3" name="automatedProject.tests.SubmitOrderTest" time="26.989" errors="0" timestamp="2025-02-09T20:11:37 CST" skipped="0">
  <testcase classname="automatedProject.tests.SubmitOrderTest" name="OrderHistoryTest" time="6.570"/>
  <testcase classname="automatedProject.tests.SubmitOrderTest" name="submitOrder" time="10.495"/>
  <testcase classname="automatedProject.tests.SubmitOrderTest" name="submitOrder" time="9.924"/>
</testsuite> <!-- automatedProject.tests.SubmitOrderTest -->
