<?xml version="1.0" encoding="UTF-8"?>
<!-- Generated by org.testng.reporters.JUnitReportReporter -->
<testsuite hostname="DESKTOP-3R6COPU" failures="0" tests="1" name="automatedProject.tests.ErrorValidationsTest" time="7.552" errors="0" timestamp="2025-02-09T20:11:37 CST" skipped="0">
  <testcase classname="automatedProject.tests.ErrorValidationsTest" name="LoginErrorValidation" time="7.552"/>
</testsuite> <!-- automatedProject.tests.ErrorValidationsTest -->
