<?xml version="1.0" encoding="UTF-8"?>
<!-- Generated by org.testng.reporters.JUnitReportReporter -->
<testsuite hostname="DESKTOP-3R6COPU" failures="0" tests="2" name="automatedProject.tests.ErrorValidationsTest" time="16.351" errors="0" timestamp="2025-02-08T12:57:00 CST" skipped="0">
  <testcase classname="automatedProject.tests.ErrorValidationsTest" name="ProductErrorValidation" time="9.691"/>
  <testcase classname="automatedProject.tests.ErrorValidationsTest" name="LoginErrorValidation" time="6.660"/>
</testsuite> <!-- automatedProject.tests.ErrorValidationsTest -->
